2023-12-29T16:42:07.419+09:00  INFO 72275 --- [main] com.newbarams.ajaja.AjajaApplication     : Starting AjajaApplication using Java 17.0.8 with PID 72275 (/Users/osehan/Downloads/ajaja/build/classes/java/main started by osehan in /Users/osehan/Downloads/ajaja)
2023-12-29T16:42:07.420+09:00 DEBUG 72275 --- [main] com.newbarams.ajaja.AjajaApplication     : Running with Spring Boot v3.1.4, Spring v6.0.12
2023-12-29T16:42:07.420+09:00  INFO 72275 --- [main] com.newbarams.ajaja.AjajaApplication     : The following 5 profiles are active: "datasource", "jasypt", "ses", "secret", "local"
2023-12-29T16:42:07.736+09:00  INFO 72275 --- [main] .s.d.r.c.RepositoryConfigurationDelegate : Multiple Spring Data modules found, entering strict repository configuration mode
2023-12-29T16:42:07.736+09:00  INFO 72275 --- [main] .s.d.r.c.RepositoryConfigurationDelegate : Bootstrapping Spring Data Redis repositories in DEFAULT mode.
2023-12-29T16:42:07.746+09:00  INFO 72275 --- [main] .s.d.r.c.RepositoryConfigurationDelegate : Finished Spring Data repository scanning in 2 ms. Found 0 Redis repository interfaces.
2023-12-29T16:42:07.879+09:00  INFO 72275 --- [main] .s.d.r.c.RepositoryConfigurationDelegate : Multiple Spring Data modules found, entering strict repository configuration mode
2023-12-29T16:42:07.880+09:00  INFO 72275 --- [main] .s.d.r.c.RepositoryConfigurationDelegate : Bootstrapping Spring Data JPA repositories in DEFAULT mode.
2023-12-29T16:42:07.961+09:00  INFO 72275 --- [main] .s.d.r.c.RepositoryConfigurationDelegate : Finished Spring Data repository scanning in 80 ms. Found 7 JPA repository interfaces.
2023-12-29T16:42:07.965+09:00  INFO 72275 --- [main] .s.d.r.c.RepositoryConfigurationDelegate : Multiple Spring Data modules found, entering strict repository configuration mode
2023-12-29T16:42:07.965+09:00  INFO 72275 --- [main] .s.d.r.c.RepositoryConfigurationDelegate : Bootstrapping Spring Data Redis repositories in DEFAULT mode.
2023-12-29T16:42:07.971+09:00  INFO 72275 --- [main] .RepositoryConfigurationExtensionSupport : Spring Data Redis - Could not safely identify store assignment for repository candidate interface com.newbarams.ajaja.module.ajaja.domain.repository.AjajaRepository; If you want this repository to be a Redis repository, consider annotating your entities with one of these annotations: org.springframework.data.redis.core.RedisHash (preferred), or consider extending one of the following types with your repository: org.springframework.data.keyvalue.repository.KeyValueRepository
2023-12-29T16:42:07.971+09:00  INFO 72275 --- [main] .RepositoryConfigurationExtensionSupport : Spring Data Redis - Could not safely identify store assignment for repository candidate interface com.newbarams.ajaja.module.feedback.infra.FeedbackJpaRepository; If you want this repository to be a Redis repository, consider annotating your entities with one of these annotations: org.springframework.data.redis.core.RedisHash (preferred), or consider extending one of the following types with your repository: org.springframework.data.keyvalue.repository.KeyValueRepository
2023-12-29T16:42:07.972+09:00  INFO 72275 --- [main] .RepositoryConfigurationExtensionSupport : Spring Data Redis - Could not safely identify store assignment for repository candidate interface com.newbarams.ajaja.module.plan.infra.PlanJpaRepository; If you want this repository to be a Redis repository, consider annotating your entities with one of these annotations: org.springframework.data.redis.core.RedisHash (preferred), or consider extending one of the following types with your repository: org.springframework.data.keyvalue.repository.KeyValueRepository
2023-12-29T16:42:07.972+09:00  INFO 72275 --- [main] .RepositoryConfigurationExtensionSupport : Spring Data Redis - Could not safely identify store assignment for repository candidate interface com.newbarams.ajaja.module.remind.adapter.out.persistence.RemindJpaRepository; If you want this repository to be a Redis repository, consider annotating your entities with one of these annotations: org.springframework.data.redis.core.RedisHash (preferred), or consider extending one of the following types with your repository: org.springframework.data.keyvalue.repository.KeyValueRepository
2023-12-29T16:42:07.972+09:00  INFO 72275 --- [main] .RepositoryConfigurationExtensionSupport : Spring Data Redis - Could not safely identify store assignment for repository candidate interface com.newbarams.ajaja.module.tag.domain.repository.PlanTagRepository; If you want this repository to be a Redis repository, consider annotating your entities with one of these annotations: org.springframework.data.redis.core.RedisHash (preferred), or consider extending one of the following types with your repository: org.springframework.data.keyvalue.repository.KeyValueRepository
2023-12-29T16:42:07.972+09:00  INFO 72275 --- [main] .RepositoryConfigurationExtensionSupport : Spring Data Redis - Could not safely identify store assignment for repository candidate interface com.newbarams.ajaja.module.tag.domain.repository.TagRepository; If you want this repository to be a Redis repository, consider annotating your entities with one of these annotations: org.springframework.data.redis.core.RedisHash (preferred), or consider extending one of the following types with your repository: org.springframework.data.keyvalue.repository.KeyValueRepository
2023-12-29T16:42:07.972+09:00  INFO 72275 --- [main] .RepositoryConfigurationExtensionSupport : Spring Data Redis - Could not safely identify store assignment for repository candidate interface com.newbarams.ajaja.module.user.infra.UserJpaRepository; If you want this repository to be a Redis repository, consider annotating your entities with one of these annotations: org.springframework.data.redis.core.RedisHash (preferred), or consider extending one of the following types with your repository: org.springframework.data.keyvalue.repository.KeyValueRepository
2023-12-29T16:42:07.972+09:00  INFO 72275 --- [main] .s.d.r.c.RepositoryConfigurationDelegate : Finished Spring Data repository scanning in 6 ms. Found 0 Redis repository interfaces.
2023-12-29T16:42:08.082+09:00  INFO 72275 --- [main] o.s.cloud.context.scope.GenericScope     : BeanFactory id=e20c851e-64ba-328f-be8c-4764e2f62875
2023-12-29T16:42:08.115+09:00  INFO 72275 --- [main] ptablePropertiesBeanFactoryPostProcessor : Post-processing PropertySource instances
2023-12-29T16:42:08.116+09:00  INFO 72275 --- [main] c.u.j.EncryptablePropertySourceConverter : Skipping PropertySource configurationProperties [class org.springframework.boot.context.properties.source.ConfigurationPropertySourcesPropertySource
2023-12-29T16:42:08.116+09:00  INFO 72275 --- [main] c.u.j.EncryptablePropertySourceConverter : Skipping PropertySource servletConfigInitParams [class org.springframework.core.env.PropertySource$StubPropertySource
2023-12-29T16:42:08.116+09:00  INFO 72275 --- [main] c.u.j.EncryptablePropertySourceConverter : Skipping PropertySource servletContextInitParams [class org.springframework.core.env.PropertySource$StubPropertySource
2023-12-29T16:42:08.116+09:00  INFO 72275 --- [main] c.u.j.EncryptablePropertySourceConverter : Converting PropertySource systemProperties [org.springframework.core.env.PropertiesPropertySource] to EncryptableMapPropertySourceWrapper
2023-12-29T16:42:08.116+09:00  INFO 72275 --- [main] c.u.j.EncryptablePropertySourceConverter : Converting PropertySource systemEnvironment [org.springframework.boot.env.SystemEnvironmentPropertySourceEnvironmentPostProcessor$OriginAwareSystemEnvironmentPropertySource] to EncryptableSystemEnvironmentPropertySourceWrapper
2023-12-29T16:42:08.117+09:00  INFO 72275 --- [main] c.u.j.EncryptablePropertySourceConverter : Converting PropertySource random [org.springframework.boot.env.RandomValuePropertySource] to EncryptablePropertySourceWrapper
2023-12-29T16:42:08.117+09:00  INFO 72275 --- [main] c.u.j.EncryptablePropertySourceConverter : Converting PropertySource cachedrandom [org.springframework.cloud.util.random.CachedRandomPropertySource] to EncryptablePropertySourceWrapper
2023-12-29T16:42:08.117+09:00  INFO 72275 --- [main] c.u.j.EncryptablePropertySourceConverter : Converting PropertySource springCloudClientHostInfo [org.springframework.core.env.MapPropertySource] to EncryptableMapPropertySourceWrapper
2023-12-29T16:42:08.117+09:00  INFO 72275 --- [main] c.u.j.EncryptablePropertySourceConverter : Converting PropertySource Config resource 'class path resource [application-secret.yml]' via location 'optional:classpath:/' [org.springframework.boot.env.OriginTrackedMapPropertySource] to EncryptableMapPropertySourceWrapper
2023-12-29T16:42:08.117+09:00  INFO 72275 --- [main] c.u.j.EncryptablePropertySourceConverter : Converting PropertySource Config resource 'class path resource [application-ses.yml]' via location 'optional:classpath:/' [org.springframework.boot.env.OriginTrackedMapPropertySource] to EncryptableMapPropertySourceWrapper
2023-12-29T16:42:08.117+09:00  INFO 72275 --- [main] c.u.j.EncryptablePropertySourceConverter : Converting PropertySource Config resource 'class path resource [application-jasypt.yml]' via location 'optional:classpath:/' [org.springframework.boot.env.OriginTrackedMapPropertySource] to EncryptableMapPropertySourceWrapper
2023-12-29T16:42:08.117+09:00  INFO 72275 --- [main] c.u.j.EncryptablePropertySourceConverter : Converting PropertySource Config resource 'class path resource [application-datasource.yml]' via location 'optional:classpath:/' (document #1) [org.springframework.boot.env.OriginTrackedMapPropertySource] to EncryptableMapPropertySourceWrapper
2023-12-29T16:42:08.117+09:00  INFO 72275 --- [main] c.u.j.EncryptablePropertySourceConverter : Converting PropertySource Config resource 'class path resource [application.yml]' via location 'optional:classpath:/' [org.springframework.boot.env.OriginTrackedMapPropertySource] to EncryptableMapPropertySourceWrapper
2023-12-29T16:42:08.361+09:00  INFO 72275 --- [main] o.s.b.w.embedded.tomcat.TomcatWebServer  : Tomcat initialized with port(s): 8080 (http)
2023-12-29T16:42:08.365+09:00  INFO 72275 --- [main] o.apache.catalina.core.StandardService   : Starting service [Tomcat]
2023-12-29T16:42:08.365+09:00  INFO 72275 --- [main] o.apache.catalina.core.StandardEngine    : Starting Servlet engine: [Apache Tomcat/10.1.13]
2023-12-29T16:42:08.406+09:00  INFO 72275 --- [main] o.a.c.c.C.[Tomcat].[localhost].[/]       : Initializing Spring embedded WebApplicationContext
2023-12-29T16:42:08.406+09:00  INFO 72275 --- [main] w.s.c.ServletWebServerApplicationContext : Root WebApplicationContext: initialization completed in 968 ms
2023-12-29T16:42:08.527+09:00  INFO 72275 --- [main] c.u.j.filter.DefaultLazyPropertyFilter   : Property Filter custom Bean not found with name 'encryptablePropertyFilter'. Initializing Default Property Filter
2023-12-29T16:42:08.542+09:00  INFO 72275 --- [main] c.u.j.r.DefaultLazyPropertyResolver      : Property Resolver custom Bean not found with name 'encryptablePropertyResolver'. Initializing Default Property Resolver
2023-12-29T16:42:08.543+09:00  INFO 72275 --- [main] c.u.j.d.DefaultLazyPropertyDetector      : Property Detector custom Bean not found with name 'encryptablePropertyDetector'. Initializing Default Property Detector
2023-12-29T16:42:08.550+09:00  INFO 72275 --- [main] c.u.j.encryptor.DefaultLazyEncryptor     : Found Custom Encryptor Bean org.jasypt.encryption.pbe.StandardPBEStringEncryptor@44a14de0 with name: jasyptStringEncryptor
2023-12-29T16:42:08.597+09:00  INFO 72275 --- [main] o.f.c.internal.license.VersionPrinter    : Flyway Community Edition 9.16.3 by Redgate
2023-12-29T16:42:08.597+09:00  INFO 72275 --- [main] o.f.c.internal.license.VersionPrinter    : See release notes here: https://rd.gt/416ObMi
2023-12-29T16:42:08.597+09:00  INFO 72275 --- [main] o.f.c.internal.license.VersionPrinter    : 
2023-12-29T16:42:08.601+09:00  INFO 72275 --- [main] com.zaxxer.hikari.HikariDataSource       : HikariPool-1 - Starting...
2023-12-29T16:42:08.743+09:00  INFO 72275 --- [main] com.zaxxer.hikari.pool.HikariPool        : HikariPool-1 - Added connection com.mysql.cj.jdbc.ConnectionImpl@6b278b17
2023-12-29T16:42:08.743+09:00  INFO 72275 --- [main] com.zaxxer.hikari.HikariDataSource       : HikariPool-1 - Start completed.
2023-12-29T16:42:08.757+09:00  INFO 72275 --- [main] o.f.c.i.database.base.BaseDatabaseType   : Database: jdbc:mysql://localhost:3306/ajaja (MySQL 8.2)
2023-12-29T16:42:08.776+09:00  WARN 72275 --- [main] o.f.c.internal.database.base.Database    : Flyway upgrade recommended: MySQL 8.2 is newer than this version of Flyway and support has not been tested. The latest supported version of MySQL is 8.0.
2023-12-29T16:42:08.798+09:00  INFO 72275 --- [main] o.f.core.internal.command.DbValidate     : Successfully validated 7 migrations (execution time 00:00.016s)
2023-12-29T16:42:08.814+09:00  INFO 72275 --- [main] o.f.core.internal.command.DbMigrate      : Current version of schema `ajaja`: 7
2023-12-29T16:42:08.814+09:00  INFO 72275 --- [main] o.f.core.internal.command.DbMigrate      : Schema `ajaja` is up to date. No migration necessary.
2023-12-29T16:42:08.869+09:00  INFO 72275 --- [main] o.hibernate.jpa.internal.util.LogHelper  : HHH000204: Processing PersistenceUnitInfo [name: default]
2023-12-29T16:42:08.897+09:00  INFO 72275 --- [main] org.hibernate.Version                    : HHH000412: Hibernate ORM core version 6.2.9.Final
2023-12-29T16:42:08.898+09:00  INFO 72275 --- [main] org.hibernate.cfg.Environment            : HHH000406: Using bytecode reflection optimizer
2023-12-29T16:42:08.954+09:00  INFO 72275 --- [main] o.h.b.i.BytecodeProviderInitiator        : HHH000021: Bytecode provider name : bytebuddy
2023-12-29T16:42:09.020+09:00  INFO 72275 --- [main] o.s.o.j.p.SpringPersistenceUnitInfo      : No LoadTimeWeaver setup: ignoring JPA class transformer
2023-12-29T16:42:09.156+09:00  INFO 72275 --- [main] o.h.b.i.BytecodeProviderInitiator        : HHH000021: Bytecode provider name : bytebuddy
2023-12-29T16:42:09.500+09:00  INFO 72275 --- [main] o.h.e.t.j.p.i.JtaPlatformInitiator       : HHH000490: Using JtaPlatform implementation: [org.hibernate.engine.transaction.jta.platform.internal.NoJtaPlatform]
2023-12-29T16:42:09.521+09:00  INFO 72275 --- [main] j.LocalContainerEntityManagerFactoryBean : Initialized JPA EntityManagerFactory for persistence unit 'default'
2023-12-29T16:42:10.307+09:00  INFO 72275 --- [main] o.s.s.web.DefaultSecurityFilterChain     : Will secure any request with [org.springframework.security.web.session.DisableEncodeUrlFilter@38138629, org.springframework.security.web.context.request.async.WebAsyncManagerIntegrationFilter@7a2c95e2, org.springframework.security.web.context.SecurityContextHolderFilter@aa9c6b2, org.springframework.security.web.header.HeaderWriterFilter@bd62a6e, org.springframework.web.filter.CorsFilter@3ad6ecc5, com.newbarams.ajaja.global.security.jwt.filter.JwtExceptionFilter@58f5db3b, com.newbarams.ajaja.global.security.jwt.filter.JwtAuthenticationFilter@7c732cc2, org.springframework.security.web.savedrequest.RequestCacheAwareFilter@570b2d9b, org.springframework.security.web.servletapi.SecurityContextHolderAwareRequestFilter@6a022b0e, org.springframework.security.web.authentication.AnonymousAuthenticationFilter@62ee252b, org.springframework.security.web.session.SessionManagementFilter@639ea347, org.springframework.security.web.access.ExceptionTranslationFilter@15800a35]
2023-12-29T16:42:10.566+09:00  INFO 72275 --- [main] org.quartz.impl.StdSchedulerFactory      : Using default implementation for ThreadExecutor
2023-12-29T16:42:10.570+09:00  INFO 72275 --- [main] org.quartz.core.SchedulerSignalerImpl    : Initialized Scheduler Signaller of type: class org.quartz.core.SchedulerSignalerImpl
2023-12-29T16:42:10.570+09:00  INFO 72275 --- [main] org.quartz.core.QuartzScheduler          : Quartz Scheduler v.2.3.2 created.
2023-12-29T16:42:10.571+09:00  INFO 72275 --- [main] org.quartz.simpl.RAMJobStore             : RAMJobStore initialized.
2023-12-29T16:42:10.571+09:00  INFO 72275 --- [main] org.quartz.core.QuartzScheduler          : Scheduler meta-data: Quartz Scheduler (v2.3.2) 'quartzScheduler' with instanceId 'NON_CLUSTERED'
  Scheduler class: 'org.quartz.core.QuartzScheduler' - running locally.
  NOT STARTED.
  Currently in standby mode.
  Number of jobs executed: 0
  Using thread pool 'org.quartz.simpl.SimpleThreadPool' - with 10 threads.
  Using job-store 'org.quartz.simpl.RAMJobStore' - which does not support persistence. and is not clustered.

2023-12-29T16:42:10.571+09:00  INFO 72275 --- [main] org.quartz.impl.StdSchedulerFactory      : Quartz scheduler 'quartzScheduler' initialized from an externally provided properties instance.
2023-12-29T16:42:10.571+09:00  INFO 72275 --- [main] org.quartz.impl.StdSchedulerFactory      : Quartz scheduler version: 2.3.2
2023-12-29T16:42:10.571+09:00  INFO 72275 --- [main] org.quartz.core.QuartzScheduler          : JobFactory set to: org.springframework.scheduling.quartz.SpringBeanJobFactory@7bfb5147
2023-12-29T16:42:10.637+09:00  INFO 72275 --- [main] o.s.b.w.embedded.tomcat.TomcatWebServer  : Tomcat started on port(s): 8080 (http) with context path ''
2023-12-29T16:42:10.638+09:00  INFO 72275 --- [main] u.j.c.RefreshScopeRefreshedEventListener : Refreshing cached encryptable property sources on ServletWebServerInitializedEvent
2023-12-29T16:42:10.638+09:00  INFO 72275 --- [main] CachingDelegateEncryptablePropertySource : Property Source systemProperties refreshed
2023-12-29T16:42:10.638+09:00  INFO 72275 --- [main] CachingDelegateEncryptablePropertySource : Property Source systemEnvironment refreshed
2023-12-29T16:42:10.638+09:00  INFO 72275 --- [main] CachingDelegateEncryptablePropertySource : Property Source random refreshed
2023-12-29T16:42:10.638+09:00  INFO 72275 --- [main] CachingDelegateEncryptablePropertySource : Property Source cachedrandom refreshed
2023-12-29T16:42:10.638+09:00  INFO 72275 --- [main] CachingDelegateEncryptablePropertySource : Property Source springCloudClientHostInfo refreshed
2023-12-29T16:42:10.638+09:00  INFO 72275 --- [main] CachingDelegateEncryptablePropertySource : Property Source Config resource 'class path resource [application-secret.yml]' via location 'optional:classpath:/' refreshed
2023-12-29T16:42:10.638+09:00  INFO 72275 --- [main] CachingDelegateEncryptablePropertySource : Property Source Config resource 'class path resource [application-ses.yml]' via location 'optional:classpath:/' refreshed
2023-12-29T16:42:10.638+09:00  INFO 72275 --- [main] CachingDelegateEncryptablePropertySource : Property Source Config resource 'class path resource [application-jasypt.yml]' via location 'optional:classpath:/' refreshed
2023-12-29T16:42:10.638+09:00  INFO 72275 --- [main] CachingDelegateEncryptablePropertySource : Property Source Config resource 'class path resource [application-datasource.yml]' via location 'optional:classpath:/' (document #1) refreshed
2023-12-29T16:42:10.638+09:00  INFO 72275 --- [main] CachingDelegateEncryptablePropertySource : Property Source Config resource 'class path resource [application.yml]' via location 'optional:classpath:/' refreshed
2023-12-29T16:42:10.638+09:00  INFO 72275 --- [main] c.u.j.EncryptablePropertySourceConverter : Converting PropertySource server.ports [org.springframework.core.env.MapPropertySource] to EncryptableMapPropertySourceWrapper
2023-12-29T16:42:10.638+09:00  INFO 72275 --- [main] c.u.j.EncryptablePropertySourceConverter : Skipping PropertySource configurationProperties [class org.springframework.boot.context.properties.source.ConfigurationPropertySourcesPropertySource
2023-12-29T16:42:10.638+09:00  INFO 72275 --- [main] c.u.j.EncryptablePropertySourceConverter : Skipping PropertySource servletConfigInitParams [class org.springframework.core.env.PropertySource$StubPropertySource
2023-12-29T16:42:10.638+09:00  INFO 72275 --- [main] c.u.j.EncryptablePropertySourceConverter : Converting PropertySource servletContextInitParams [org.springframework.web.context.support.ServletContextPropertySource] to EncryptableEnumerablePropertySourceWrapper
2023-12-29T16:42:10.640+09:00  INFO 72275 --- [main] o.s.s.quartz.SchedulerFactoryBean        : Starting Quartz Scheduler now
2023-12-29T16:42:10.640+09:00  INFO 72275 --- [main] org.quartz.core.QuartzScheduler          : Scheduler quartzScheduler_$_NON_CLUSTERED started.
2023-12-29T16:42:10.646+09:00  INFO 72275 --- [main] com.newbarams.ajaja.AjajaApplication     : Started AjajaApplication in 3.425 seconds (process running for 3.913)
2023-12-29T16:42:13.359+09:00  INFO 72275 --- [SpringApplicationShutdownHook] org.quartz.core.QuartzScheduler          : Scheduler quartzScheduler_$_NON_CLUSTERED paused.
2023-12-29T16:42:13.365+09:00  INFO 72275 --- [SpringApplicationShutdownHook] o.s.s.quartz.SchedulerFactoryBean        : Shutting down Quartz Scheduler
2023-12-29T16:42:13.366+09:00  INFO 72275 --- [SpringApplicationShutdownHook] org.quartz.core.QuartzScheduler          : Scheduler quartzScheduler_$_NON_CLUSTERED shutting down.
2023-12-29T16:42:13.366+09:00  INFO 72275 --- [SpringApplicationShutdownHook] org.quartz.core.QuartzScheduler          : Scheduler quartzScheduler_$_NON_CLUSTERED paused.
2023-12-29T16:42:13.366+09:00  INFO 72275 --- [SpringApplicationShutdownHook] org.quartz.core.QuartzScheduler          : Scheduler quartzScheduler_$_NON_CLUSTERED shutdown complete.
2023-12-29T16:42:13.372+09:00  INFO 72275 --- [SpringApplicationShutdownHook] j.LocalContainerEntityManagerFactoryBean : Closing JPA EntityManagerFactory for persistence unit 'default'
2023-12-29T16:42:13.373+09:00  INFO 72275 --- [SpringApplicationShutdownHook] com.zaxxer.hikari.HikariDataSource       : HikariPool-1 - Shutdown initiated...
2023-12-29T16:42:13.377+09:00  INFO 72275 --- [SpringApplicationShutdownHook] com.zaxxer.hikari.HikariDataSource       : HikariPool-1 - Shutdown completed.
2023-12-29T16:43:07.553+09:00  INFO 72344 --- [main] com.newbarams.ajaja.AjajaApplication     : Starting AjajaApplication using Java 17.0.8 with PID 72344 (/Users/osehan/Downloads/ajaja/build/classes/java/main started by osehan in /Users/osehan/Downloads/ajaja)
2023-12-29T16:43:07.553+09:00 DEBUG 72344 --- [main] com.newbarams.ajaja.AjajaApplication     : Running with Spring Boot v3.1.4, Spring v6.0.12
2023-12-29T16:43:07.554+09:00  INFO 72344 --- [main] com.newbarams.ajaja.AjajaApplication     : The following 5 profiles are active: "datasource", "jasypt", "ses", "secret", "local"
2023-12-29T16:43:07.847+09:00  INFO 72344 --- [main] .s.d.r.c.RepositoryConfigurationDelegate : Multiple Spring Data modules found, entering strict repository configuration mode
2023-12-29T16:43:07.847+09:00  INFO 72344 --- [main] .s.d.r.c.RepositoryConfigurationDelegate : Bootstrapping Spring Data Redis repositories in DEFAULT mode.
2023-12-29T16:43:07.856+09:00  INFO 72344 --- [main] .s.d.r.c.RepositoryConfigurationDelegate : Finished Spring Data repository scanning in 2 ms. Found 0 Redis repository interfaces.
2023-12-29T16:43:07.969+09:00  INFO 72344 --- [main] .s.d.r.c.RepositoryConfigurationDelegate : Multiple Spring Data modules found, entering strict repository configuration mode
2023-12-29T16:43:07.969+09:00  INFO 72344 --- [main] .s.d.r.c.RepositoryConfigurationDelegate : Bootstrapping Spring Data JPA repositories in DEFAULT mode.
2023-12-29T16:43:08.051+09:00  INFO 72344 --- [main] .s.d.r.c.RepositoryConfigurationDelegate : Finished Spring Data repository scanning in 81 ms. Found 7 JPA repository interfaces.
2023-12-29T16:43:08.055+09:00  INFO 72344 --- [main] .s.d.r.c.RepositoryConfigurationDelegate : Multiple Spring Data modules found, entering strict repository configuration mode
2023-12-29T16:43:08.056+09:00  INFO 72344 --- [main] .s.d.r.c.RepositoryConfigurationDelegate : Bootstrapping Spring Data Redis repositories in DEFAULT mode.
2023-12-29T16:43:08.062+09:00  INFO 72344 --- [main] .RepositoryConfigurationExtensionSupport : Spring Data Redis - Could not safely identify store assignment for repository candidate interface com.newbarams.ajaja.module.ajaja.domain.repository.AjajaRepository; If you want this repository to be a Redis repository, consider annotating your entities with one of these annotations: org.springframework.data.redis.core.RedisHash (preferred), or consider extending one of the following types with your repository: org.springframework.data.keyvalue.repository.KeyValueRepository
2023-12-29T16:43:08.062+09:00  INFO 72344 --- [main] .RepositoryConfigurationExtensionSupport : Spring Data Redis - Could not safely identify store assignment for repository candidate interface com.newbarams.ajaja.module.feedback.infra.FeedbackJpaRepository; If you want this repository to be a Redis repository, consider annotating your entities with one of these annotations: org.springframework.data.redis.core.RedisHash (preferred), or consider extending one of the following types with your repository: org.springframework.data.keyvalue.repository.KeyValueRepository
2023-12-29T16:43:08.062+09:00  INFO 72344 --- [main] .RepositoryConfigurationExtensionSupport : Spring Data Redis - Could not safely identify store assignment for repository candidate interface com.newbarams.ajaja.module.plan.infra.PlanJpaRepository; If you want this repository to be a Redis repository, consider annotating your entities with one of these annotations: org.springframework.data.redis.core.RedisHash (preferred), or consider extending one of the following types with your repository: org.springframework.data.keyvalue.repository.KeyValueRepository
2023-12-29T16:43:08.062+09:00  INFO 72344 --- [main] .RepositoryConfigurationExtensionSupport : Spring Data Redis - Could not safely identify store assignment for repository candidate interface com.newbarams.ajaja.module.remind.adapter.out.persistence.RemindJpaRepository; If you want this repository to be a Redis repository, consider annotating your entities with one of these annotations: org.springframework.data.redis.core.RedisHash (preferred), or consider extending one of the following types with your repository: org.springframework.data.keyvalue.repository.KeyValueRepository
2023-12-29T16:43:08.062+09:00  INFO 72344 --- [main] .RepositoryConfigurationExtensionSupport : Spring Data Redis - Could not safely identify store assignment for repository candidate interface com.newbarams.ajaja.module.tag.domain.repository.PlanTagRepository; If you want this repository to be a Redis repository, consider annotating your entities with one of these annotations: org.springframework.data.redis.core.RedisHash (preferred), or consider extending one of the following types with your repository: org.springframework.data.keyvalue.repository.KeyValueRepository
2023-12-29T16:43:08.063+09:00  INFO 72344 --- [main] .RepositoryConfigurationExtensionSupport : Spring Data Redis - Could not safely identify store assignment for repository candidate interface com.newbarams.ajaja.module.tag.domain.repository.TagRepository; If you want this repository to be a Redis repository, consider annotating your entities with one of these annotations: org.springframework.data.redis.core.RedisHash (preferred), or consider extending one of the following types with your repository: org.springframework.data.keyvalue.repository.KeyValueRepository
2023-12-29T16:43:08.063+09:00  INFO 72344 --- [main] .RepositoryConfigurationExtensionSupport : Spring Data Redis - Could not safely identify store assignment for repository candidate interface com.newbarams.ajaja.module.user.infra.UserJpaRepository; If you want this repository to be a Redis repository, consider annotating your entities with one of these annotations: org.springframework.data.redis.core.RedisHash (preferred), or consider extending one of the following types with your repository: org.springframework.data.keyvalue.repository.KeyValueRepository
2023-12-29T16:43:08.063+09:00  INFO 72344 --- [main] .s.d.r.c.RepositoryConfigurationDelegate : Finished Spring Data repository scanning in 7 ms. Found 0 Redis repository interfaces.
2023-12-29T16:43:08.176+09:00  INFO 72344 --- [main] o.s.cloud.context.scope.GenericScope     : BeanFactory id=e20c851e-64ba-328f-be8c-4764e2f62875
2023-12-29T16:43:08.210+09:00  INFO 72344 --- [main] ptablePropertiesBeanFactoryPostProcessor : Post-processing PropertySource instances
2023-12-29T16:43:08.210+09:00  INFO 72344 --- [main] c.u.j.EncryptablePropertySourceConverter : Skipping PropertySource configurationProperties [class org.springframework.boot.context.properties.source.ConfigurationPropertySourcesPropertySource
2023-12-29T16:43:08.211+09:00  INFO 72344 --- [main] c.u.j.EncryptablePropertySourceConverter : Skipping PropertySource servletConfigInitParams [class org.springframework.core.env.PropertySource$StubPropertySource
2023-12-29T16:43:08.211+09:00  INFO 72344 --- [main] c.u.j.EncryptablePropertySourceConverter : Skipping PropertySource servletContextInitParams [class org.springframework.core.env.PropertySource$StubPropertySource
2023-12-29T16:43:08.211+09:00  INFO 72344 --- [main] c.u.j.EncryptablePropertySourceConverter : Converting PropertySource systemProperties [org.springframework.core.env.PropertiesPropertySource] to EncryptableMapPropertySourceWrapper
2023-12-29T16:43:08.211+09:00  INFO 72344 --- [main] c.u.j.EncryptablePropertySourceConverter : Converting PropertySource systemEnvironment [org.springframework.boot.env.SystemEnvironmentPropertySourceEnvironmentPostProcessor$OriginAwareSystemEnvironmentPropertySource] to EncryptableSystemEnvironmentPropertySourceWrapper
2023-12-29T16:43:08.211+09:00  INFO 72344 --- [main] c.u.j.EncryptablePropertySourceConverter : Converting PropertySource random [org.springframework.boot.env.RandomValuePropertySource] to EncryptablePropertySourceWrapper
2023-12-29T16:43:08.211+09:00  INFO 72344 --- [main] c.u.j.EncryptablePropertySourceConverter : Converting PropertySource cachedrandom [org.springframework.cloud.util.random.CachedRandomPropertySource] to EncryptablePropertySourceWrapper
2023-12-29T16:43:08.211+09:00  INFO 72344 --- [main] c.u.j.EncryptablePropertySourceConverter : Converting PropertySource springCloudClientHostInfo [org.springframework.core.env.MapPropertySource] to EncryptableMapPropertySourceWrapper
2023-12-29T16:43:08.211+09:00  INFO 72344 --- [main] c.u.j.EncryptablePropertySourceConverter : Converting PropertySource Config resource 'class path resource [application-secret.yml]' via location 'optional:classpath:/' [org.springframework.boot.env.OriginTrackedMapPropertySource] to EncryptableMapPropertySourceWrapper
2023-12-29T16:43:08.211+09:00  INFO 72344 --- [main] c.u.j.EncryptablePropertySourceConverter : Converting PropertySource Config resource 'class path resource [application-ses.yml]' via location 'optional:classpath:/' [org.springframework.boot.env.OriginTrackedMapPropertySource] to EncryptableMapPropertySourceWrapper
2023-12-29T16:43:08.211+09:00  INFO 72344 --- [main] c.u.j.EncryptablePropertySourceConverter : Converting PropertySource Config resource 'class path resource [application-jasypt.yml]' via location 'optional:classpath:/' [org.springframework.boot.env.OriginTrackedMapPropertySource] to EncryptableMapPropertySourceWrapper
2023-12-29T16:43:08.212+09:00  INFO 72344 --- [main] c.u.j.EncryptablePropertySourceConverter : Converting PropertySource Config resource 'class path resource [application-datasource.yml]' via location 'optional:classpath:/' (document #1) [org.springframework.boot.env.OriginTrackedMapPropertySource] to EncryptableMapPropertySourceWrapper
2023-12-29T16:43:08.212+09:00  INFO 72344 --- [main] c.u.j.EncryptablePropertySourceConverter : Converting PropertySource Config resource 'class path resource [application.yml]' via location 'optional:classpath:/' [org.springframework.boot.env.OriginTrackedMapPropertySource] to EncryptableMapPropertySourceWrapper
2023-12-29T16:43:08.454+09:00  INFO 72344 --- [main] o.s.b.w.embedded.tomcat.TomcatWebServer  : Tomcat initialized with port(s): 8080 (http)
2023-12-29T16:43:08.458+09:00  INFO 72344 --- [main] o.apache.catalina.core.StandardService   : Starting service [Tomcat]
2023-12-29T16:43:08.458+09:00  INFO 72344 --- [main] o.apache.catalina.core.StandardEngine    : Starting Servlet engine: [Apache Tomcat/10.1.13]
2023-12-29T16:43:08.501+09:00  INFO 72344 --- [main] o.a.c.c.C.[Tomcat].[localhost].[/]       : Initializing Spring embedded WebApplicationContext
2023-12-29T16:43:08.502+09:00  INFO 72344 --- [main] w.s.c.ServletWebServerApplicationContext : Root WebApplicationContext: initialization completed in 931 ms
2023-12-29T16:43:08.626+09:00  INFO 72344 --- [main] c.u.j.filter.DefaultLazyPropertyFilter   : Property Filter custom Bean not found with name 'encryptablePropertyFilter'. Initializing Default Property Filter
2023-12-29T16:43:08.642+09:00  INFO 72344 --- [main] c.u.j.r.DefaultLazyPropertyResolver      : Property Resolver custom Bean not found with name 'encryptablePropertyResolver'. Initializing Default Property Resolver
2023-12-29T16:43:08.643+09:00  INFO 72344 --- [main] c.u.j.d.DefaultLazyPropertyDetector      : Property Detector custom Bean not found with name 'encryptablePropertyDetector'. Initializing Default Property Detector
2023-12-29T16:43:08.649+09:00  INFO 72344 --- [main] c.u.j.encryptor.DefaultLazyEncryptor     : Found Custom Encryptor Bean org.jasypt.encryption.pbe.StandardPBEStringEncryptor@2e1291a4 with name: jasyptStringEncryptor
2023-12-29T16:43:08.695+09:00  INFO 72344 --- [main] o.f.c.internal.license.VersionPrinter    : Flyway Community Edition 9.16.3 by Redgate
2023-12-29T16:43:08.696+09:00  INFO 72344 --- [main] o.f.c.internal.license.VersionPrinter    : See release notes here: https://rd.gt/416ObMi
2023-12-29T16:43:08.696+09:00  INFO 72344 --- [main] o.f.c.internal.license.VersionPrinter    : 
2023-12-29T16:43:08.699+09:00  INFO 72344 --- [main] com.zaxxer.hikari.HikariDataSource       : HikariPool-1 - Starting...
2023-12-29T16:43:08.842+09:00  INFO 72344 --- [main] com.zaxxer.hikari.pool.HikariPool        : HikariPool-1 - Added connection com.mysql.cj.jdbc.ConnectionImpl@6247c08c
2023-12-29T16:43:08.843+09:00  INFO 72344 --- [main] com.zaxxer.hikari.HikariDataSource       : HikariPool-1 - Start completed.
2023-12-29T16:43:08.858+09:00  INFO 72344 --- [main] o.f.c.i.database.base.BaseDatabaseType   : Database: jdbc:mysql://localhost:3306/ajaja (MySQL 8.2)
2023-12-29T16:43:08.877+09:00  WARN 72344 --- [main] o.f.c.internal.database.base.Database    : Flyway upgrade recommended: MySQL 8.2 is newer than this version of Flyway and support has not been tested. The latest supported version of MySQL is 8.0.
2023-12-29T16:43:08.899+09:00  INFO 72344 --- [main] o.f.core.internal.command.DbValidate     : Successfully validated 7 migrations (execution time 00:00.015s)
2023-12-29T16:43:08.916+09:00  INFO 72344 --- [main] o.f.core.internal.command.DbMigrate      : Current version of schema `ajaja`: 7
2023-12-29T16:43:08.916+09:00  INFO 72344 --- [main] o.f.core.internal.command.DbMigrate      : Schema `ajaja` is up to date. No migration necessary.
2023-12-29T16:43:08.971+09:00  INFO 72344 --- [main] o.hibernate.jpa.internal.util.LogHelper  : HHH000204: Processing PersistenceUnitInfo [name: default]
2023-12-29T16:43:08.997+09:00  INFO 72344 --- [main] org.hibernate.Version                    : HHH000412: Hibernate ORM core version 6.2.9.Final
2023-12-29T16:43:08.998+09:00  INFO 72344 --- [main] org.hibernate.cfg.Environment            : HHH000406: Using bytecode reflection optimizer
2023-12-29T16:43:09.056+09:00  INFO 72344 --- [main] o.h.b.i.BytecodeProviderInitiator        : HHH000021: Bytecode provider name : bytebuddy
2023-12-29T16:43:09.122+09:00  INFO 72344 --- [main] o.s.o.j.p.SpringPersistenceUnitInfo      : No LoadTimeWeaver setup: ignoring JPA class transformer
2023-12-29T16:43:09.254+09:00  INFO 72344 --- [main] o.h.b.i.BytecodeProviderInitiator        : HHH000021: Bytecode provider name : bytebuddy
2023-12-29T16:43:09.599+09:00  INFO 72344 --- [main] o.h.e.t.j.p.i.JtaPlatformInitiator       : HHH000490: Using JtaPlatform implementation: [org.hibernate.engine.transaction.jta.platform.internal.NoJtaPlatform]
2023-12-29T16:43:09.621+09:00  INFO 72344 --- [main] j.LocalContainerEntityManagerFactoryBean : Initialized JPA EntityManagerFactory for persistence unit 'default'
2023-12-29T16:43:10.403+09:00  INFO 72344 --- [main] o.s.s.web.DefaultSecurityFilterChain     : Will secure any request with [org.springframework.security.web.session.DisableEncodeUrlFilter@40fc181d, org.springframework.security.web.context.request.async.WebAsyncManagerIntegrationFilter@413069a0, org.springframework.security.web.context.SecurityContextHolderFilter@2e4084e0, org.springframework.security.web.header.HeaderWriterFilter@4fa9533f, org.springframework.web.filter.CorsFilter@19db3c2e, com.newbarams.ajaja.global.security.jwt.filter.JwtExceptionFilter@180f49c5, com.newbarams.ajaja.global.security.jwt.filter.JwtAuthenticationFilter@38138629, org.springframework.security.web.savedrequest.RequestCacheAwareFilter@aa9c6b2, org.springframework.security.web.servletapi.SecurityContextHolderAwareRequestFilter@6ad11552, org.springframework.security.web.authentication.AnonymousAuthenticationFilter@7a2c95e2, org.springframework.security.web.session.SessionManagementFilter@bd62a6e, org.springframework.security.web.access.ExceptionTranslationFilter@60a0e576]
2023-12-29T16:43:10.665+09:00  INFO 72344 --- [main] org.quartz.impl.StdSchedulerFactory      : Using default implementation for ThreadExecutor
2023-12-29T16:43:10.669+09:00  INFO 72344 --- [main] org.quartz.core.SchedulerSignalerImpl    : Initialized Scheduler Signaller of type: class org.quartz.core.SchedulerSignalerImpl
2023-12-29T16:43:10.670+09:00  INFO 72344 --- [main] org.quartz.core.QuartzScheduler          : Quartz Scheduler v.2.3.2 created.
2023-12-29T16:43:10.670+09:00  INFO 72344 --- [main] org.quartz.simpl.RAMJobStore             : RAMJobStore initialized.
2023-12-29T16:43:10.670+09:00  INFO 72344 --- [main] org.quartz.core.QuartzScheduler          : Scheduler meta-data: Quartz Scheduler (v2.3.2) 'quartzScheduler' with instanceId 'NON_CLUSTERED'
  Scheduler class: 'org.quartz.core.QuartzScheduler' - running locally.
  NOT STARTED.
  Currently in standby mode.
  Number of jobs executed: 0
  Using thread pool 'org.quartz.simpl.SimpleThreadPool' - with 10 threads.
  Using job-store 'org.quartz.simpl.RAMJobStore' - which does not support persistence. and is not clustered.

2023-12-29T16:43:10.670+09:00  INFO 72344 --- [main] org.quartz.impl.StdSchedulerFactory      : Quartz scheduler 'quartzScheduler' initialized from an externally provided properties instance.
2023-12-29T16:43:10.670+09:00  INFO 72344 --- [main] org.quartz.impl.StdSchedulerFactory      : Quartz scheduler version: 2.3.2
2023-12-29T16:43:10.670+09:00  INFO 72344 --- [main] org.quartz.core.QuartzScheduler          : JobFactory set to: org.springframework.scheduling.quartz.SpringBeanJobFactory@2685c3a2
2023-12-29T16:43:10.739+09:00  INFO 72344 --- [main] o.s.b.w.embedded.tomcat.TomcatWebServer  : Tomcat started on port(s): 8080 (http) with context path ''
2023-12-29T16:43:10.739+09:00  INFO 72344 --- [main] u.j.c.RefreshScopeRefreshedEventListener : Refreshing cached encryptable property sources on ServletWebServerInitializedEvent
2023-12-29T16:43:10.739+09:00  INFO 72344 --- [main] CachingDelegateEncryptablePropertySource : Property Source systemProperties refreshed
2023-12-29T16:43:10.739+09:00  INFO 72344 --- [main] CachingDelegateEncryptablePropertySource : Property Source systemEnvironment refreshed
2023-12-29T16:43:10.739+09:00  INFO 72344 --- [main] CachingDelegateEncryptablePropertySource : Property Source random refreshed
2023-12-29T16:43:10.739+09:00  INFO 72344 --- [main] CachingDelegateEncryptablePropertySource : Property Source cachedrandom refreshed
2023-12-29T16:43:10.739+09:00  INFO 72344 --- [main] CachingDelegateEncryptablePropertySource : Property Source springCloudClientHostInfo refreshed
2023-12-29T16:43:10.739+09:00  INFO 72344 --- [main] CachingDelegateEncryptablePropertySource : Property Source Config resource 'class path resource [application-secret.yml]' via location 'optional:classpath:/' refreshed
2023-12-29T16:43:10.739+09:00  INFO 72344 --- [main] CachingDelegateEncryptablePropertySource : Property Source Config resource 'class path resource [application-ses.yml]' via location 'optional:classpath:/' refreshed
2023-12-29T16:43:10.739+09:00  INFO 72344 --- [main] CachingDelegateEncryptablePropertySource : Property Source Config resource 'class path resource [application-jasypt.yml]' via location 'optional:classpath:/' refreshed
2023-12-29T16:43:10.739+09:00  INFO 72344 --- [main] CachingDelegateEncryptablePropertySource : Property Source Config resource 'class path resource [application-datasource.yml]' via location 'optional:classpath:/' (document #1) refreshed
2023-12-29T16:43:10.739+09:00  INFO 72344 --- [main] CachingDelegateEncryptablePropertySource : Property Source Config resource 'class path resource [application.yml]' via location 'optional:classpath:/' refreshed
2023-12-29T16:43:10.739+09:00  INFO 72344 --- [main] c.u.j.EncryptablePropertySourceConverter : Converting PropertySource server.ports [org.springframework.core.env.MapPropertySource] to EncryptableMapPropertySourceWrapper
2023-12-29T16:43:10.740+09:00  INFO 72344 --- [main] c.u.j.EncryptablePropertySourceConverter : Skipping PropertySource configurationProperties [class org.springframework.boot.context.properties.source.ConfigurationPropertySourcesPropertySource
2023-12-29T16:43:10.740+09:00  INFO 72344 --- [main] c.u.j.EncryptablePropertySourceConverter : Skipping PropertySource servletConfigInitParams [class org.springframework.core.env.PropertySource$StubPropertySource
2023-12-29T16:43:10.740+09:00  INFO 72344 --- [main] c.u.j.EncryptablePropertySourceConverter : Converting PropertySource servletContextInitParams [org.springframework.web.context.support.ServletContextPropertySource] to EncryptableEnumerablePropertySourceWrapper
2023-12-29T16:43:10.741+09:00  INFO 72344 --- [main] o.s.s.quartz.SchedulerFactoryBean        : Starting Quartz Scheduler now
2023-12-29T16:43:10.741+09:00  INFO 72344 --- [main] org.quartz.core.QuartzScheduler          : Scheduler quartzScheduler_$_NON_CLUSTERED started.
2023-12-29T16:43:10.747+09:00  INFO 72344 --- [main] com.newbarams.ajaja.AjajaApplication     : Started AjajaApplication in 3.381 seconds (process running for 3.712)
2023-12-29T16:43:15.078+09:00  INFO 72344 --- [SpringApplicationShutdownHook] org.quartz.core.QuartzScheduler          : Scheduler quartzScheduler_$_NON_CLUSTERED paused.
2023-12-29T16:43:15.085+09:00  INFO 72344 --- [SpringApplicationShutdownHook] o.s.s.quartz.SchedulerFactoryBean        : Shutting down Quartz Scheduler
2023-12-29T16:43:15.085+09:00  INFO 72344 --- [SpringApplicationShutdownHook] org.quartz.core.QuartzScheduler          : Scheduler quartzScheduler_$_NON_CLUSTERED shutting down.
2023-12-29T16:43:15.085+09:00  INFO 72344 --- [SpringApplicationShutdownHook] org.quartz.core.QuartzScheduler          : Scheduler quartzScheduler_$_NON_CLUSTERED paused.
2023-12-29T16:43:15.085+09:00  INFO 72344 --- [SpringApplicationShutdownHook] org.quartz.core.QuartzScheduler          : Scheduler quartzScheduler_$_NON_CLUSTERED shutdown complete.
2023-12-29T16:43:15.093+09:00  INFO 72344 --- [SpringApplicationShutdownHook] j.LocalContainerEntityManagerFactoryBean : Closing JPA EntityManagerFactory for persistence unit 'default'
2023-12-29T16:43:15.093+09:00  INFO 72344 --- [SpringApplicationShutdownHook] com.zaxxer.hikari.HikariDataSource       : HikariPool-1 - Shutdown initiated...
2023-12-29T16:43:15.098+09:00  INFO 72344 --- [SpringApplicationShutdownHook] com.zaxxer.hikari.HikariDataSource       : HikariPool-1 - Shutdown completed.
